"use strict";(self.webpackChunktarget_machines_write_up=self.webpackChunktarget_machines_write_up||[]).push([[2695],{10204:(e,a,n)=>{n.r(a),n.d(a,{assets:()=>o,contentTitle:()=>c,default:()=>l,frontMatter:()=>r,metadata:()=>t,toc:()=>d});const t=JSON.parse('{"id":"Xuanji/Unit-5/71","title":"\u7b2c\u4e94\u7ae0 Windows \u5b9e\u6218 - evtx \u6587\u4ef6\u5206\u6790","description":"1","source":"@site/docs/Xuanji/Unit-5/71.md","sourceDirName":"Xuanji/Unit-5","slug":"/Xuanji/Unit-5/71","permalink":"/Target-Machines-WriteUp/docs/Xuanji/Unit-5/71","draft":false,"unlisted":false,"editUrl":"https://github.com/TryHackMyOffsecBox/Target-Machines-WriteUp/edit/main/docs/Xuanji/Unit-5/71.md","tags":[],"version":"current","frontMatter":{},"sidebar":"Xuanji_Sidebar","previous":{"title":"\u7b2c\u56db\u7ae0 - windows \u65e5\u5fd7\u5206\u6790","permalink":"/Target-Machines-WriteUp/docs/Xuanji/Unit-4/89"},"next":{"title":"\u7b2c\u516d\u7ae0 \u6d41\u91cf\u7279\u5f81\u5206\u6790 - \u8681\u5251\u6d41\u91cf\u5206\u6790","permalink":"/Target-Machines-WriteUp/docs/Xuanji/Unit-6/32"}}');var s=n(74848),i=n(28453);const r={},c="\u7b2c\u4e94\u7ae0 Windows \u5b9e\u6218 - evtx \u6587\u4ef6\u5206\u6790",o={},d=[{value:"1",id:"1",level:2},{value:"2",id:"2",level:2},{value:"3",id:"3",level:2},{value:"4",id:"4",level:2},{value:"5",id:"5",level:2}];function m(e){const a={a:"a",blockquote:"blockquote",code:"code",h1:"h1",h2:"h2",header:"header",img:"img",p:"p",pre:"pre",...(0,i.R)(),...e.components};return(0,s.jsxs)(s.Fragment,{children:[(0,s.jsx)(a.header,{children:(0,s.jsx)(a.h1,{id:"\u7b2c\u4e94\u7ae0-windows-\u5b9e\u6218---evtx-\u6587\u4ef6\u5206\u6790",children:"\u7b2c\u4e94\u7ae0 Windows \u5b9e\u6218 - evtx \u6587\u4ef6\u5206\u6790"})}),"\n",(0,s.jsx)(a.h2,{id:"1",children:"1"}),"\n",(0,s.jsxs)(a.blockquote,{children:["\n",(0,s.jsx)(a.p,{children:"\u5c06\u9ed1\u5ba2\u6210\u529f\u767b\u5f55\u7cfb\u7edf\u6240\u4f7f\u7528\u7684 IP \u5730\u5740\u4f5c\u4e3a Flag \u503c\u63d0\u4ea4\uff1b"}),"\n"]}),"\n",(0,s.jsx)(a.p,{children:"\u5728 Security \u7684\u65e5\u5fd7\u4e2d\uff0c\u7b5b\u9009\u65f6\u95f4 id \u4e3a 4624 \u7684\u8bb0\u5f55"}),"\n",(0,s.jsx)(a.p,{children:(0,s.jsx)(a.img,{alt:"img",src:n(70786).A+"",width:"2075",height:"1518"})}),"\n",(0,s.jsx)(a.pre,{children:(0,s.jsx)(a.code,{className:"language-xml",children:'- <Event xmlns="http://schemas.microsoft.com/win/2004/08/events/event">\n- <System>\n  <Provider Name="Microsoft-Windows-Security-Auditing" Guid="{54849625-5478-4994-a5ba-3e3b0328c30d}" />\n  <EventID>4624</EventID>\n  <Version>0</Version>\n  <Level>0</Level>\n  <Task>12544</Task>\n  <Opcode>0</Opcode>\n  <Keywords>0x8020000000000000</Keywords>\n  <TimeCreated SystemTime="2020-10-08T06:02:12.9152872Z" />\n  <EventRecordID>2749</EventRecordID>\n  <Correlation />\n  <Execution ProcessID="468" ThreadID="832" />\n  <Channel>Security</Channel>\n  <Computer>WIN-B1B1T3K57G9</Computer>\n  <Security />\n  </System>\n- <EventData>\n  <Data Name="SubjectUserSid">S-1-5-18</Data>\n  <Data Name="SubjectUserName">WIN-B1B1T3K57G9$</Data>\n  <Data Name="SubjectDomainName">WORKGROUP</Data>\n  <Data Name="SubjectLogonId">0x3e7</Data>\n  <Data Name="TargetUserSid">S-1-5-21-17081676-1000286879-1443824681-500</Data>\n  <Data Name="TargetUserName">Adnimistartro</Data>\n  <Data Name="TargetDomainName">WIN-B1B1T3K57G9</Data>\n  <Data Name="TargetLogonId">0x1530b9</Data>\n  <Data Name="LogonType">10</Data>\n  <Data Name="LogonProcessName">User32</Data>\n  <Data Name="AuthenticationPackageName">Negotiate</Data>\n  <Data Name="WorkstationName">WIN-B1B1T3K57G9</Data>\n  <Data Name="LogonGuid">{00000000-0000-0000-0000-000000000000}</Data>\n  <Data Name="TransmittedServices">-</Data>\n  <Data Name="LmPackageName">-</Data>\n  <Data Name="KeyLength">0</Data>\n  <Data Name="ProcessId">0x2878</Data>\n  <Data Name="ProcessName">C:\\Windows\\System32\\winlogon.exe</Data>\n  <Data Name="IpAddress">192.168.36.133</Data>\n  <Data Name="IpPort">53971</Data>\n  </EventData>\n  </Event>\n'})}),"\n",(0,s.jsx)(a.pre,{children:(0,s.jsx)(a.code,{className:"language-plaintext",children:"flag{192.168.36.133}\n"})}),"\n",(0,s.jsx)(a.h2,{id:"2",children:"2"}),"\n",(0,s.jsxs)(a.blockquote,{children:["\n",(0,s.jsx)(a.p,{children:"\u9ed1\u5ba2\u6210\u529f\u767b\u5f55\u7cfb\u7edf\u540e\u4fee\u6539\u4e86\u767b\u5f55\u7528\u6237\u7684\u7528\u6237\u540d\uff0c\u5c06\u4fee\u6539\u540e\u7684\u7528\u6237\u540d\u4f5c\u4e3a Flag \u503c\u63d0\u4ea4\uff1b"}),"\n"]}),"\n",(0,s.jsx)(a.p,{children:"\u5728 Security \u7684\u65e5\u5fd7\u4e2d\uff0c\u7b5b\u9009\u65f6\u95f4 id \u4e3a 4781 \u7684\u8bb0\u5f55"}),"\n",(0,s.jsx)(a.p,{children:(0,s.jsx)(a.img,{alt:"img",src:n(95405).A+"",width:"2075",height:"1458"})}),"\n",(0,s.jsx)(a.pre,{children:(0,s.jsx)(a.code,{className:"language-xml",children:'- <Event xmlns="http://schemas.microsoft.com/win/2004/08/events/event">\n- <System>\n  <Provider Name="Microsoft-Windows-Security-Auditing" Guid="{54849625-5478-4994-a5ba-3e3b0328c30d}" />\n  <EventID>4781</EventID>\n  <Version>0</Version>\n  <Level>0</Level>\n  <Task>13824</Task>\n  <Opcode>0</Opcode>\n  <Keywords>0x8020000000000000</Keywords>\n  <TimeCreated SystemTime="2020-10-08T06:59:21.8627206Z" />\n  <EventRecordID>702</EventRecordID>\n  <Correlation />\n  <Execution ProcessID="464" ThreadID="3068" />\n  <Channel>Security</Channel>\n  <Computer>WIN-B1B1T3K57G9</Computer>\n  <Security />\n  </System>\n- <EventData>\n  <Data Name="OldTargetUserName">Administrator</Data>\n  <Data Name="NewTargetUserName">Adnimistartro</Data>\n  <Data Name="TargetDomainName">WIN-B1B1T3K57G9</Data>\n  <Data Name="TargetSid">S-1-5-21-17081676-1000286879-1443824681-500</Data>\n  <Data Name="SubjectUserSid">S-1-5-18</Data>\n  <Data Name="SubjectUserName">WIN-B1B1T3K57G9$</Data>\n  <Data Name="SubjectDomainName">WORKGROUP</Data>\n  <Data Name="SubjectLogonId">0x3e7</Data>\n  <Data Name="PrivilegeList">-</Data>\n  </EventData>\n  </Event>\n'})}),"\n",(0,s.jsx)(a.pre,{children:(0,s.jsx)(a.code,{className:"language-plaintext",children:"flag{Adnimistartro}\n"})}),"\n",(0,s.jsx)(a.h2,{id:"3",children:"3"}),"\n",(0,s.jsxs)(a.blockquote,{children:["\n",(0,s.jsx)(a.p,{children:"\u9ed1\u5ba2\u6210\u529f\u767b\u5f55\u7cfb\u7edf\u540e\u6210\u529f\u8bbf\u95ee\u4e86\u4e00\u4e2a\u5173\u952e\u4f4d\u7f6e\u7684\u6587\u4ef6\uff0c\u5c06\u8be5\u6587\u4ef6\u540d\u79f0\uff08\u6587\u4ef6\u540d\u79f0\u4e0d\u5305\u542b\u540e\u7f00\uff09\u4f5c\u4e3a Flag \u503c\u63d0\u4ea4\uff1b"}),"\n"]}),"\n",(0,s.jsx)(a.p,{children:"\u5728 Security \u7684\u65e5\u5fd7\u4e2d\uff0c\u7b5b\u9009\u65f6\u95f4 id \u4e3a 4663 \u7684\u8bb0\u5f55"}),"\n",(0,s.jsx)(a.p,{children:(0,s.jsx)(a.img,{alt:"img",src:n(60200).A+"",width:"2068",height:"1474"})}),"\n",(0,s.jsx)(a.pre,{children:(0,s.jsx)(a.code,{className:"language-xml",children:'- <Event xmlns="http://schemas.microsoft.com/win/2004/08/events/event">\n- <System>\n  <Provider Name="Microsoft-Windows-Security-Auditing" Guid="{54849625-5478-4994-a5ba-3e3b0328c30d}" />\n  <EventID>4663</EventID>\n  <Version>0</Version>\n  <Level>0</Level>\n  <Task>12800</Task>\n  <Opcode>0</Opcode>\n  <Keywords>0x8020000000000000</Keywords>\n  <TimeCreated SystemTime="2020-10-08T06:05:59.7708857Z" />\n  <EventRecordID>3142</EventRecordID>\n  <Correlation />\n  <Execution ProcessID="4" ThreadID="196" />\n  <Channel>Security</Channel>\n  <Computer>WIN-B1B1T3K57G9</Computer>\n  <Security />\n  </System>\n- <EventData>\n  <Data Name="SubjectUserSid">S-1-5-21-17081676-1000286879-1443824681-1000</Data>\n  <Data Name="SubjectUserName">administrator</Data>\n  <Data Name="SubjectDomainName">WIN-B1B1T3K57G9</Data>\n  <Data Name="SubjectLogonId">0x28069</Data>\n  <Data Name="ObjectServer">Security</Data>\n  <Data Name="ObjectType">File</Data>\n  <Data Name="ObjectName">C:\\Windows\\System32\\SMI\\Store\\Machine\\SCHEMA.DAT</Data>\n  <Data Name="HandleId">0xbe8</Data>\n  <Data Name="AccessList">%%1538</Data>\n  <Data Name="AccessMask">0x20000</Data>\n  <Data Name="ProcessId">0x2510</Data>\n  <Data Name="ProcessName">C:\\Windows\\explorer.exe</Data>\n  </EventData>\n  </Event>\n'})}),"\n",(0,s.jsx)(a.pre,{children:(0,s.jsx)(a.code,{className:"language-plaintext",children:"flag{SCHEMA}\n"})}),"\n",(0,s.jsx)(a.h2,{id:"4",children:"4"}),"\n",(0,s.jsxs)(a.blockquote,{children:["\n",(0,s.jsx)(a.p,{children:"\u9ed1\u5ba2\u6210\u529f\u767b\u5f55\u7cfb\u7edf\u540e\u91cd\u542f\u8fc7\u51e0\u6b21\u6570\u636e\u5e93\u670d\u52a1\uff0c\u5c06\u6700\u540e\u4e00\u6b21\u91cd\u542f\u6570\u636e\u5e93\u670d\u52a1\u540e\u6570\u636e\u5e93\u670d\u52a1\u7684\u8fdb\u7a0b ID \u53f7\u4f5c\u4e3a Flag \u503c\u63d0\u4ea4\uff1b"}),"\n"]}),"\n",(0,s.jsx)(a.p,{children:"\u7b5b\u9009\u6765\u81ea Mysql \u670d\u52a1\u7684\u4e8b\u4ef6 id \u4e3a 100 \u7684\u8bb0\u5f55"}),"\n",(0,s.jsx)(a.p,{children:(0,s.jsx)(a.img,{alt:"img",src:n(53836).A+"",width:"2095",height:"1500"})}),"\n",(0,s.jsx)(a.p,{children:"\u627e\u5230\u76f8\u5173\u8bb0\u5f55\u5373\u53ef"}),"\n",(0,s.jsx)(a.p,{children:(0,s.jsx)(a.img,{alt:"img",src:n(93651).A+"",width:"2080",height:"1330"})}),"\n",(0,s.jsx)(a.pre,{children:(0,s.jsx)(a.code,{className:"language-xml",children:'- <Event xmlns="http://schemas.microsoft.com/win/2004/08/events/event">\n- <System>\n  <Provider Name="MySQL" />\n  <EventID Qualifiers="49152">100</EventID>\n  <Level>4</Level>\n  <Task>0</Task>\n  <Keywords>0x80000000000000</Keywords>\n  <TimeCreated SystemTime="2020-10-08T07:53:09.0000000Z" />\n  <EventRecordID>313</EventRecordID>\n  <Channel>Application</Channel>\n  <Computer>WIN-B1B1T3K57G9</Computer>\n  <Security />\n  </System>\n- <EventData>\n  <Data>.phpcustom_mysql (mysqld 5.5.62-log) starting as process 8820 ...</Data>\n  </EventData>\n  </Event>\n'})}),"\n",(0,s.jsx)(a.pre,{children:(0,s.jsx)(a.code,{className:"language-plaintext",children:"flag{8820}\n"})}),"\n",(0,s.jsx)(a.h2,{id:"5",children:"5"}),"\n",(0,s.jsxs)(a.blockquote,{children:["\n",(0,s.jsx)(a.p,{children:"\u9ed1\u5ba2\u6210\u529f\u767b\u5f55\u7cfb\u7edf\u540e\u4fee\u6539\u4e86\u767b\u5f55\u7528\u6237\u7684\u7528\u6237\u540d\u5e76\u5bf9\u7cfb\u7edf\u6267\u884c\u4e86\u591a\u6b21\u91cd\u542f\u64cd\u4f5c\uff0c\u5c06\u9ed1\u5ba2\u4f7f\u7528\u4fee\u6539\u540e\u7684\u7528\u6237\u91cd\u542f\u7cfb\u7edf\u7684\u6b21\u6570\u4f5c\u4e3a Flag \u503c\u63d0\u4ea4\u3002"}),"\n"]}),"\n",(0,s.jsxs)(a.p,{children:["\u53c2\u8003\u8fd9\u7bc7\u8d44\u6599\uff1a",(0,s.jsx)(a.a,{href:"https://manage.accuwebhosting.com/knowledgebase/3897/How-to-check-shutdown-and-reboot-logs-in-Windows-servers.html",children:"How to check shutdown and reboot logs in Windows servers?"})]}),"\n",(0,s.jsx)(a.p,{children:(0,s.jsx)(a.img,{alt:"img",src:n(7630).A+"",width:"2090",height:"1264"})}),"\n",(0,s.jsx)(a.pre,{children:(0,s.jsx)(a.code,{className:"language-plaintext",children:"flag{3}\n"})})]})}function l(e={}){const{wrapper:a}={...(0,i.R)(),...e.components};return a?(0,s.jsx)(a,{...e,children:(0,s.jsx)(m,{...e})}):m(e)}},70786:(e,a,n)=>{n.d(a,{A:()=>t});const t=n.p+"assets/images/image_20240505-230513-e273155a23932c75c91331d0b60773d8.png"},95405:(e,a,n)=>{n.d(a,{A:()=>t});const t=n.p+"assets/images/image_20240509-230903-3137d123bbc5540661868071b0ae349d.png"},60200:(e,a,n)=>{n.d(a,{A:()=>t});const t=n.p+"assets/images/image_20240516-231633-f0e42d2102f61f9f45b0b8ae873d7783.png"},53836:(e,a,n)=>{n.d(a,{A:()=>t});const t=n.p+"assets/images/image_20240520-232031-6456fbf0b18e4248912817fbc3e78038.png"},93651:(e,a,n)=>{n.d(a,{A:()=>t});const t=n.p+"assets/images/image_20240522-232247-1fcd269fb1412a06656976bdf96178c2.png"},7630:(e,a,n)=>{n.d(a,{A:()=>t});const t=n.p+"assets/images/image_20240529-232917-ce879e0c394631347692f2602f515981.png"},28453:(e,a,n)=>{n.d(a,{R:()=>r,x:()=>c});var t=n(96540);const s={},i=t.createContext(s);function r(e){const a=t.useContext(i);return t.useMemo((function(){return"function"==typeof e?e(a):{...a,...e}}),[a,e])}function c(e){let a;return a=e.disableParentContext?"function"==typeof e.components?e.components(s):e.components||s:r(e.components),t.createElement(i.Provider,{value:a},e.children)}}}]);